2024-04-30 14:14:38.102  INFO 16812 --- [main] c.s.a.TheatrePlatformDriverApplication   : Starting TheatrePlatformDriverApplication using Java 17.0.7 on DESKTOP-J72LTS0 with PID 16812 (C:\Users\DELL\OneDrive\Desktop\Sapient\Student-Microservice-In-Action\target\classes started by DELL in C:\Users\DELL\OneDrive\Desktop\Sapient\Student-Microservice-In-Action)
2024-04-30 14:14:38.107  INFO 16812 --- [main] c.s.a.TheatrePlatformDriverApplication   : No active profile set, falling back to default profiles: default
2024-04-30 14:14:39.237  INFO 16812 --- [main] .s.d.r.c.RepositoryConfigurationDelegate : Bootstrapping Spring Data JPA repositories in DEFAULT mode.
2024-04-30 14:14:39.469  INFO 16812 --- [main] .s.d.r.c.RepositoryConfigurationDelegate : Finished Spring Data repository scanning in 217 ms. Found 1 JPA repository interfaces.
2024-04-30 14:14:40.829  INFO 16812 --- [main] o.s.b.w.embedded.tomcat.TomcatWebServer  : Tomcat initialized with port(s): 8080 (http)
2024-04-30 14:14:40.850  INFO 16812 --- [main] o.apache.catalina.core.StandardService   : Starting service [Tomcat]
2024-04-30 14:14:40.852  INFO 16812 --- [main] org.apache.catalina.core.StandardEngine  : Starting Servlet engine: [Apache Tomcat/9.0.41]
2024-04-30 14:14:41.245  INFO 16812 --- [main] o.a.c.c.C.[Tomcat].[localhost].[/]       : Initializing Spring embedded WebApplicationContext
2024-04-30 14:14:41.246  INFO 16812 --- [main] w.s.c.ServletWebServerApplicationContext : Root WebApplicationContext: initialization completed in 3027 ms
2024-04-30 14:14:41.804  INFO 16812 --- [main] o.hibernate.jpa.internal.util.LogHelper  : HHH000204: Processing PersistenceUnitInfo [name: default]
2024-04-30 14:14:42.023  INFO 16812 --- [main] org.hibernate.Version                    : HHH000412: Hibernate ORM core version 5.4.27.Final
2024-04-30 14:14:42.319  INFO 16812 --- [main] o.hibernate.annotations.common.Version   : HCANN000001: Hibernate Commons Annotations {5.1.2.Final}
2024-04-30 14:14:42.490  INFO 16812 --- [main] com.zaxxer.hikari.HikariDataSource       : HikariPool-1 - Starting...
2024-04-30 14:14:42.976  INFO 16812 --- [main] com.zaxxer.hikari.HikariDataSource       : HikariPool-1 - Start completed.
2024-04-30 14:14:43.034  INFO 16812 --- [main] org.hibernate.dialect.Dialect            : HHH000400: Using dialect: org.hibernate.dialect.MySQL8Dialect
2024-04-30 14:14:44.033  INFO 16812 --- [main] o.h.e.t.j.p.i.JtaPlatformInitiator       : HHH000490: Using JtaPlatform implementation: [org.hibernate.engine.transaction.jta.platform.internal.NoJtaPlatform]
2024-04-30 14:14:44.046  INFO 16812 --- [main] j.LocalContainerEntityManagerFactoryBean : Initialized JPA EntityManagerFactory for persistence unit 'default'
2024-04-30 14:14:44.884  WARN 16812 --- [main] JpaBaseConfiguration$JpaWebConfiguration : spring.jpa.open-in-view is enabled by default. Therefore, database queries may be performed during view rendering. Explicitly configure spring.jpa.open-in-view to disable this warning
2024-04-30 14:14:44.986  INFO 16812 --- [main] o.s.s.concurrent.ThreadPoolTaskExecutor  : Initializing ExecutorService 'applicationTaskExecutor'
2024-04-30 14:14:45.350  INFO 16812 --- [main] o.s.b.w.embedded.tomcat.TomcatWebServer  : Tomcat started on port(s): 8080 (http) with context path ''
2024-04-30 14:14:45.365  INFO 16812 --- [main] c.s.a.TheatrePlatformDriverApplication   : Started TheatrePlatformDriverApplication in 7.966 seconds (JVM running for 8.765)
2024-04-30 14:14:52.379  INFO 16812 --- [http-nio-8080-exec-2] o.a.c.c.C.[Tomcat].[localhost].[/]       : Initializing Spring DispatcherServlet 'dispatcherServlet'
2024-04-30 14:14:52.379  INFO 16812 --- [http-nio-8080-exec-2] o.s.web.servlet.DispatcherServlet        : Initializing Servlet 'dispatcherServlet'
2024-04-30 14:14:52.382  INFO 16812 --- [http-nio-8080-exec-2] o.s.web.servlet.DispatcherServlet        : Completed initialization in 2 ms
